2023-04-30 14:29:22,855{GMT}	INFO	[jepsen test runner] jepsen.core: Command line:
lein run test -w echo --bin target/debug/rustengan --nodes n1 --time-limit 10 --log-stderr
2023-04-30 14:29:22,890{GMT}	INFO	[jepsen test runner] jepsen.core: Running test:
{:args []
 :remote
 #jepsen.control.retry.Remote{:remote #jepsen.control.scp.Remote{:cmd-remote #jepsen.control.sshj.SSHJRemote{:concurrency-limit 6,
                                                                                                             :conn-spec nil,
                                                                                                             :client nil,
                                                                                                             :semaphore nil},
                                                                 :conn-spec nil},
                              :conn nil}
 :log-net-send false
 :node-count nil
 :availability nil
 :max-txn-length 4
 :concurrency 1
 :db
 #object[maelstrom.db$db$reify__16142
         "0x5d965dbd"
         "maelstrom.db$db$reify__16142@5d965dbd"]
 :max-writes-per-key 16
 :leave-db-running? false
 :name "echo"
 :logging-json? false
 :start-time
 #object[org.joda.time.DateTime "0x5b95a754" "2023-04-30T14:29:22.831+09:00"]
 :nemesis-interval 10
 :net
 #object[maelstrom.net$jepsen_net$reify__15251
         "0x500341c4"
         "maelstrom.net$jepsen_net$reify__15251@500341c4"]
 :client
 #object[maelstrom.workload.echo$client$reify__16863
         "0x3d4b3b94"
         "maelstrom.workload.echo$client$reify__16863@3d4b3b94"]
 :barrier
 #object[java.util.concurrent.CyclicBarrier
         "0x28b5cee"
         "java.util.concurrent.CyclicBarrier@28b5cee"]
 :log-stderr true
 :pure-generators true
 :ssh {:dummy? true}
 :rate 5
 :checker
 #object[jepsen.checker$compose$reify__11881
         "0x7452e4ec"
         "jepsen.checker$compose$reify__11881@7452e4ec"]
 :argv
 ("test"
  "-w"
  "echo"
  "--bin"
  "target/debug/rustengan"
  "--nodes"
  "n1"
  "--time-limit"
  "10"
  "--log-stderr")
 :nemesis
 (jepsen.nemesis.ReflCompose
  {:fm {:start-partition 0,
        :stop-partition 0,
        :kill 1,
        :start 1,
        :pause 1,
        :resume 1},
   :nemeses [#unprintable "jepsen.nemesis.combined$partition_nemesis$reify__16416@3e1596c3"
             #unprintable "jepsen.nemesis.combined$db_nemesis$reify__16397@5ae68d0e"]})
 :nodes ["n1"]
 :test-count 1
 :latency {:mean 0, :dist :constant}
 :bin "target/debug/rustengan"
 :generator
 (jepsen.generator.TimeLimit
  {:limit 10000000000,
   :cutoff nil,
   :gen (jepsen.generator.Any
         {:gens [(jepsen.generator.OnThreads
                  {:f #{:nemesis},
                   :context-filter #object[jepsen.generator.context$make_thread_filter$lazy_filter__9167
                                           "0xb0c4670"
                                           "jepsen.generator.context$make_thread_filter$lazy_filter__9167@b0c4670"],
                   :gen nil})
                 (jepsen.generator.OnThreads
                  {:f #jepsen.generator.context.AllBut{:element :nemesis},
                   :context-filter #object[jepsen.generator.context$make_thread_filter$lazy_filter__9167
                                           "0x5344b208"
                                           "jepsen.generator.context$make_thread_filter$lazy_filter__9167@5344b208"],
                   :gen (jepsen.generator.Stagger
                         {:dt 400000000,
                          :next-time nil,
                          :gen (jepsen.generator.EachThread
                                {:fresh-gen #object[maelstrom.workload.echo$workload$fn__16882
                                                    "0x30769e7a"
                                                    "maelstrom.workload.echo$workload$fn__16882@30769e7a"],
                                 :context-filters #object[clojure.core$promise$reify__8591
                                                          "0x14021c10"
                                                          {:status :pending,
                                                           :val nil}],
                                 :gens {}})})})]})})
 :log-net-recv false
 :os
 #object[maelstrom.net$jepsen_os$reify__15254
         "0x7dd4f726"
         "maelstrom.net$jepsen_os$reify__15254@7dd4f726"]
 :time-limit 10
 :workload :echo
 :consistency-models [:strict-serializable]
 :topology :grid}

2023-04-30 14:29:23,746{GMT}	INFO	[jepsen node n1] maelstrom.net: Starting Maelstrom network
2023-04-30 14:29:23,746{GMT}	INFO	[jepsen test runner] jepsen.db: Tearing down DB
2023-04-30 14:29:23,747{GMT}	INFO	[jepsen test runner] jepsen.db: Setting up DB
2023-04-30 14:29:23,749{GMT}	INFO	[jepsen node n1] maelstrom.service: Starting services: (lin-kv lin-tso lww-kv seq-kv)
2023-04-30 14:29:23,750{GMT}	INFO	[jepsen node n1] maelstrom.db: Setting up n1
2023-04-30 14:29:23,751{GMT}	INFO	[jepsen node n1] maelstrom.process: launching target/debug/rustengan []
2023-04-30 14:29:29,724{GMT}	INFO	[Jepsen shutdown hook] jepsen.core: Downloading DB logs before JVM shutdown...
