2023-04-30 14:52:36,325{GMT}	INFO	[jepsen test runner] jepsen.core: Command line:
lein run test -w echo --bin target/debug/rustengan --nodes n1 --time-limit 10 --log-stderr
2023-04-30 14:52:36,360{GMT}	INFO	[jepsen test runner] jepsen.core: Running test:
{:args []
 :remote
 #jepsen.control.retry.Remote{:remote #jepsen.control.scp.Remote{:cmd-remote #jepsen.control.sshj.SSHJRemote{:concurrency-limit 6,
                                                                                                             :conn-spec nil,
                                                                                                             :client nil,
                                                                                                             :semaphore nil},
                                                                 :conn-spec nil},
                              :conn nil}
 :log-net-send false
 :node-count nil
 :availability nil
 :max-txn-length 4
 :concurrency 1
 :db
 #object[maelstrom.db$db$reify__16142
         "0x5d965dbd"
         "maelstrom.db$db$reify__16142@5d965dbd"]
 :max-writes-per-key 16
 :leave-db-running? false
 :name "echo"
 :logging-json? false
 :start-time
 #object[org.joda.time.DateTime "0x5b95a754" "2023-04-30T14:52:36.291+09:00"]
 :nemesis-interval 10
 :net
 #object[maelstrom.net$jepsen_net$reify__15251
         "0x500341c4"
         "maelstrom.net$jepsen_net$reify__15251@500341c4"]
 :client
 #object[maelstrom.workload.echo$client$reify__16863
         "0x3d4b3b94"
         "maelstrom.workload.echo$client$reify__16863@3d4b3b94"]
 :barrier
 #object[java.util.concurrent.CyclicBarrier
         "0x28b5cee"
         "java.util.concurrent.CyclicBarrier@28b5cee"]
 :log-stderr true
 :pure-generators true
 :ssh {:dummy? true}
 :rate 5
 :checker
 #object[jepsen.checker$compose$reify__11881
         "0x7452e4ec"
         "jepsen.checker$compose$reify__11881@7452e4ec"]
 :argv
 ("test"
  "-w"
  "echo"
  "--bin"
  "target/debug/rustengan"
  "--nodes"
  "n1"
  "--time-limit"
  "10"
  "--log-stderr")
 :nemesis
 (jepsen.nemesis.ReflCompose
  {:fm {:start-partition 0,
        :stop-partition 0,
        :kill 1,
        :start 1,
        :pause 1,
        :resume 1},
   :nemeses [#unprintable "jepsen.nemesis.combined$partition_nemesis$reify__16416@3e1596c3"
             #unprintable "jepsen.nemesis.combined$db_nemesis$reify__16397@5ae68d0e"]})
 :nodes ["n1"]
 :test-count 1
 :latency {:mean 0, :dist :constant}
 :bin "target/debug/rustengan"
 :generator
 (jepsen.generator.TimeLimit
  {:limit 10000000000,
   :cutoff nil,
   :gen (jepsen.generator.Any
         {:gens [(jepsen.generator.OnThreads
                  {:f #{:nemesis},
                   :context-filter #object[jepsen.generator.context$make_thread_filter$lazy_filter__9167
                                           "0xb0c4670"
                                           "jepsen.generator.context$make_thread_filter$lazy_filter__9167@b0c4670"],
                   :gen nil})
                 (jepsen.generator.OnThreads
                  {:f #jepsen.generator.context.AllBut{:element :nemesis},
                   :context-filter #object[jepsen.generator.context$make_thread_filter$lazy_filter__9167
                                           "0x5344b208"
                                           "jepsen.generator.context$make_thread_filter$lazy_filter__9167@5344b208"],
                   :gen (jepsen.generator.Stagger
                         {:dt 400000000,
                          :next-time nil,
                          :gen (jepsen.generator.EachThread
                                {:fresh-gen #object[maelstrom.workload.echo$workload$fn__16882
                                                    "0x30769e7a"
                                                    "maelstrom.workload.echo$workload$fn__16882@30769e7a"],
                                 :context-filters #object[clojure.core$promise$reify__8591
                                                          "0x14021c10"
                                                          {:status :pending,
                                                           :val nil}],
                                 :gens {}})})})]})})
 :log-net-recv false
 :os
 #object[maelstrom.net$jepsen_os$reify__15254
         "0x7dd4f726"
         "maelstrom.net$jepsen_os$reify__15254@7dd4f726"]
 :time-limit 10
 :workload :echo
 :consistency-models [:strict-serializable]
 :topology :grid}

2023-04-30 14:52:37,251{GMT}	INFO	[jepsen node n1] maelstrom.net: Starting Maelstrom network
2023-04-30 14:52:37,252{GMT}	INFO	[jepsen test runner] jepsen.db: Tearing down DB
2023-04-30 14:52:37,253{GMT}	INFO	[jepsen test runner] jepsen.db: Setting up DB
2023-04-30 14:52:37,255{GMT}	INFO	[jepsen node n1] maelstrom.service: Starting services: (lin-kv lin-tso lww-kv seq-kv)
2023-04-30 14:52:37,256{GMT}	INFO	[jepsen node n1] maelstrom.db: Setting up n1
2023-04-30 14:52:37,257{GMT}	INFO	[jepsen node n1] maelstrom.process: launching target/debug/rustengan []
2023-04-30 14:52:37,459{GMT}	INFO	[jepsen test runner] jepsen.core: Relative time begins now
2023-04-30 14:52:37,470{GMT}	INFO	[jepsen worker 0] jepsen.util: 0	:invoke	:echo	"Please echo 77"
2023-04-30 14:52:37,474{GMT}	INFO	[jepsen worker 0] jepsen.util: 0	:ok	:echo	{:msg_id 1, :in_reply_to 1, :type "echo_ok", :echo "Please echo 77"}
2023-04-30 14:52:37,481{GMT}	INFO	[jepsen worker 0] jepsen.util: 0	:invoke	:echo	"Please echo 86"
2023-04-30 14:52:37,481{GMT}	INFO	[jepsen worker 0] jepsen.util: 0	:ok	:echo	{:msg_id 2, :in_reply_to 2, :type "echo_ok", :echo "Please echo 86"}
2023-04-30 14:52:37,541{GMT}	INFO	[jepsen worker 0] jepsen.util: 0	:invoke	:echo	"Please echo 28"
2023-04-30 14:52:37,541{GMT}	INFO	[jepsen worker 0] jepsen.util: 0	:ok	:echo	{:msg_id 3, :in_reply_to 3, :type "echo_ok", :echo "Please echo 28"}
2023-04-30 14:52:37,607{GMT}	INFO	[jepsen worker 0] jepsen.util: 0	:invoke	:echo	"Please echo 127"
2023-04-30 14:52:37,608{GMT}	INFO	[jepsen worker 0] jepsen.util: 0	:ok	:echo	{:msg_id 4, :in_reply_to 4, :type "echo_ok", :echo "Please echo 127"}
2023-04-30 14:52:37,745{GMT}	INFO	[jepsen worker 0] jepsen.util: 0	:invoke	:echo	"Please echo 77"
2023-04-30 14:52:37,749{GMT}	INFO	[jepsen worker 0] jepsen.util: 0	:ok	:echo	{:msg_id 5, :in_reply_to 5, :type "echo_ok", :echo "Please echo 77"}
2023-04-30 14:52:38,067{GMT}	INFO	[jepsen worker 0] jepsen.util: 0	:invoke	:echo	"Please echo 27"
2023-04-30 14:52:38,071{GMT}	INFO	[jepsen worker 0] jepsen.util: 0	:ok	:echo	{:msg_id 6, :in_reply_to 6, :type "echo_ok", :echo "Please echo 27"}
2023-04-30 14:52:38,136{GMT}	INFO	[jepsen worker 0] jepsen.util: 0	:invoke	:echo	"Please echo 71"
2023-04-30 14:52:38,137{GMT}	INFO	[jepsen worker 0] jepsen.util: 0	:ok	:echo	{:msg_id 7, :in_reply_to 7, :type "echo_ok", :echo "Please echo 71"}
2023-04-30 14:52:38,419{GMT}	INFO	[jepsen worker 0] jepsen.util: 0	:invoke	:echo	"Please echo 114"
2023-04-30 14:52:38,423{GMT}	INFO	[jepsen worker 0] jepsen.util: 0	:ok	:echo	{:msg_id 8, :in_reply_to 8, :type "echo_ok", :echo "Please echo 114"}
2023-04-30 14:52:38,532{GMT}	INFO	[jepsen worker 0] jepsen.util: 0	:invoke	:echo	"Please echo 23"
2023-04-30 14:52:38,534{GMT}	INFO	[jepsen worker 0] jepsen.util: 0	:ok	:echo	{:msg_id 9, :in_reply_to 9, :type "echo_ok", :echo "Please echo 23"}
2023-04-30 14:52:38,670{GMT}	INFO	[jepsen worker 0] jepsen.util: 0	:invoke	:echo	"Please echo 116"
2023-04-30 14:52:38,673{GMT}	INFO	[jepsen worker 0] jepsen.util: 0	:ok	:echo	{:msg_id 10, :in_reply_to 10, :type "echo_ok", :echo "Please echo 116"}
2023-04-30 14:52:38,940{GMT}	INFO	[jepsen worker 0] jepsen.util: 0	:invoke	:echo	"Please echo 59"
2023-04-30 14:52:38,943{GMT}	INFO	[jepsen worker 0] jepsen.util: 0	:ok	:echo	{:msg_id 11, :in_reply_to 11, :type "echo_ok", :echo "Please echo 59"}
2023-04-30 14:52:39,249{GMT}	INFO	[jepsen worker 0] jepsen.util: 0	:invoke	:echo	"Please echo 25"
2023-04-30 14:52:39,251{GMT}	INFO	[jepsen worker 0] jepsen.util: 0	:ok	:echo	{:msg_id 12, :in_reply_to 12, :type "echo_ok", :echo "Please echo 25"}
2023-04-30 14:52:39,381{GMT}	INFO	[jepsen worker 0] jepsen.util: 0	:invoke	:echo	"Please echo 41"
2023-04-30 14:52:39,385{GMT}	INFO	[jepsen worker 0] jepsen.util: 0	:ok	:echo	{:msg_id 13, :in_reply_to 13, :type "echo_ok", :echo "Please echo 41"}
2023-04-30 14:52:39,720{GMT}	INFO	[jepsen worker 0] jepsen.util: 0	:invoke	:echo	"Please echo 3"
2023-04-30 14:52:39,722{GMT}	INFO	[jepsen worker 0] jepsen.util: 0	:ok	:echo	{:msg_id 14, :in_reply_to 14, :type "echo_ok", :echo "Please echo 3"}
2023-04-30 14:52:39,922{GMT}	INFO	[jepsen worker 0] jepsen.util: 0	:invoke	:echo	"Please echo 12"
2023-04-30 14:52:39,924{GMT}	INFO	[jepsen worker 0] jepsen.util: 0	:ok	:echo	{:msg_id 15, :in_reply_to 15, :type "echo_ok", :echo "Please echo 12"}
2023-04-30 14:52:39,985{GMT}	INFO	[jepsen worker 0] jepsen.util: 0	:invoke	:echo	"Please echo 22"
2023-04-30 14:52:39,988{GMT}	INFO	[jepsen worker 0] jepsen.util: 0	:ok	:echo	{:msg_id 16, :in_reply_to 16, :type "echo_ok", :echo "Please echo 22"}
2023-04-30 14:52:40,297{GMT}	INFO	[jepsen worker 0] jepsen.util: 0	:invoke	:echo	"Please echo 77"
2023-04-30 14:52:40,301{GMT}	INFO	[jepsen worker 0] jepsen.util: 0	:ok	:echo	{:msg_id 17, :in_reply_to 17, :type "echo_ok", :echo "Please echo 77"}
2023-04-30 14:52:40,520{GMT}	INFO	[jepsen worker 0] jepsen.util: 0	:invoke	:echo	"Please echo 85"
2023-04-30 14:52:40,523{GMT}	INFO	[jepsen worker 0] jepsen.util: 0	:ok	:echo	{:msg_id 18, :in_reply_to 18, :type "echo_ok", :echo "Please echo 85"}
2023-04-30 14:52:40,650{GMT}	INFO	[jepsen worker 0] jepsen.util: 0	:invoke	:echo	"Please echo 40"
2023-04-30 14:52:40,652{GMT}	INFO	[jepsen worker 0] jepsen.util: 0	:ok	:echo	{:msg_id 19, :in_reply_to 19, :type "echo_ok", :echo "Please echo 40"}
2023-04-30 14:52:40,914{GMT}	INFO	[jepsen worker 0] jepsen.util: 0	:invoke	:echo	"Please echo 96"
2023-04-30 14:52:40,918{GMT}	INFO	[jepsen worker 0] jepsen.util: 0	:ok	:echo	{:msg_id 20, :in_reply_to 20, :type "echo_ok", :echo "Please echo 96"}
2023-04-30 14:52:41,165{GMT}	INFO	[jepsen worker 0] jepsen.util: 0	:invoke	:echo	"Please echo 26"
2023-04-30 14:52:41,167{GMT}	INFO	[jepsen worker 0] jepsen.util: 0	:ok	:echo	{:msg_id 21, :in_reply_to 21, :type "echo_ok", :echo "Please echo 26"}
2023-04-30 14:52:41,303{GMT}	INFO	[jepsen worker 0] jepsen.util: 0	:invoke	:echo	"Please echo 67"
2023-04-30 14:52:41,305{GMT}	INFO	[jepsen worker 0] jepsen.util: 0	:ok	:echo	{:msg_id 22, :in_reply_to 22, :type "echo_ok", :echo "Please echo 67"}
2023-04-30 14:52:41,599{GMT}	INFO	[jepsen worker 0] jepsen.util: 0	:invoke	:echo	"Please echo 66"
2023-04-30 14:52:41,601{GMT}	INFO	[jepsen worker 0] jepsen.util: 0	:ok	:echo	{:msg_id 23, :in_reply_to 23, :type "echo_ok", :echo "Please echo 66"}
2023-04-30 14:52:41,989{GMT}	INFO	[jepsen worker 0] jepsen.util: 0	:invoke	:echo	"Please echo 42"
2023-04-30 14:52:41,989{GMT}	INFO	[jepsen worker 0] jepsen.util: 0	:ok	:echo	{:msg_id 24, :in_reply_to 24, :type "echo_ok", :echo "Please echo 42"}
2023-04-30 14:52:42,017{GMT}	INFO	[jepsen worker 0] jepsen.util: 0	:invoke	:echo	"Please echo 85"
2023-04-30 14:52:42,018{GMT}	INFO	[jepsen worker 0] jepsen.util: 0	:ok	:echo	{:msg_id 25, :in_reply_to 25, :type "echo_ok", :echo "Please echo 85"}
2023-04-30 14:52:42,361{GMT}	INFO	[jepsen worker 0] jepsen.util: 0	:invoke	:echo	"Please echo 78"
2023-04-30 14:52:42,364{GMT}	INFO	[jepsen worker 0] jepsen.util: 0	:ok	:echo	{:msg_id 26, :in_reply_to 26, :type "echo_ok", :echo "Please echo 78"}
2023-04-30 14:52:42,558{GMT}	INFO	[jepsen worker 0] jepsen.util: 0	:invoke	:echo	"Please echo 106"
2023-04-30 14:52:42,561{GMT}	INFO	[jepsen worker 0] jepsen.util: 0	:ok	:echo	{:msg_id 27, :in_reply_to 27, :type "echo_ok", :echo "Please echo 106"}
2023-04-30 14:52:42,774{GMT}	INFO	[jepsen worker 0] jepsen.util: 0	:invoke	:echo	"Please echo 28"
2023-04-30 14:52:42,777{GMT}	INFO	[jepsen worker 0] jepsen.util: 0	:ok	:echo	{:msg_id 28, :in_reply_to 28, :type "echo_ok", :echo "Please echo 28"}
2023-04-30 14:52:42,826{GMT}	INFO	[jepsen worker 0] jepsen.util: 0	:invoke	:echo	"Please echo 51"
2023-04-30 14:52:42,828{GMT}	INFO	[jepsen worker 0] jepsen.util: 0	:ok	:echo	{:msg_id 29, :in_reply_to 29, :type "echo_ok", :echo "Please echo 51"}
2023-04-30 14:52:42,993{GMT}	INFO	[jepsen worker 0] jepsen.util: 0	:invoke	:echo	"Please echo 42"
2023-04-30 14:52:42,994{GMT}	INFO	[jepsen worker 0] jepsen.util: 0	:ok	:echo	{:msg_id 30, :in_reply_to 30, :type "echo_ok", :echo "Please echo 42"}
2023-04-30 14:52:43,231{GMT}	INFO	[jepsen worker 0] jepsen.util: 0	:invoke	:echo	"Please echo 68"
2023-04-30 14:52:43,236{GMT}	INFO	[jepsen worker 0] jepsen.util: 0	:ok	:echo	{:msg_id 31, :in_reply_to 31, :type "echo_ok", :echo "Please echo 68"}
2023-04-30 14:52:43,240{GMT}	INFO	[jepsen worker 0] jepsen.util: 0	:invoke	:echo	"Please echo 41"
2023-04-30 14:52:43,243{GMT}	INFO	[jepsen worker 0] jepsen.util: 0	:ok	:echo	{:msg_id 32, :in_reply_to 32, :type "echo_ok", :echo "Please echo 41"}
2023-04-30 14:52:43,472{GMT}	INFO	[jepsen worker 0] jepsen.util: 0	:invoke	:echo	"Please echo 27"
2023-04-30 14:52:43,474{GMT}	INFO	[jepsen worker 0] jepsen.util: 0	:ok	:echo	{:msg_id 33, :in_reply_to 33, :type "echo_ok", :echo "Please echo 27"}
2023-04-30 14:52:43,552{GMT}	INFO	[jepsen worker 0] jepsen.util: 0	:invoke	:echo	"Please echo 90"
2023-04-30 14:52:43,554{GMT}	INFO	[jepsen worker 0] jepsen.util: 0	:ok	:echo	{:msg_id 34, :in_reply_to 34, :type "echo_ok", :echo "Please echo 90"}
2023-04-30 14:52:43,717{GMT}	INFO	[jepsen worker 0] jepsen.util: 0	:invoke	:echo	"Please echo 29"
2023-04-30 14:52:43,721{GMT}	INFO	[jepsen worker 0] jepsen.util: 0	:ok	:echo	{:msg_id 35, :in_reply_to 35, :type "echo_ok", :echo "Please echo 29"}
2023-04-30 14:52:43,986{GMT}	INFO	[jepsen worker 0] jepsen.util: 0	:invoke	:echo	"Please echo 124"
2023-04-30 14:52:43,987{GMT}	INFO	[jepsen worker 0] jepsen.util: 0	:ok	:echo	{:msg_id 36, :in_reply_to 36, :type "echo_ok", :echo "Please echo 124"}
2023-04-30 14:52:44,388{GMT}	INFO	[jepsen worker 0] jepsen.util: 0	:invoke	:echo	"Please echo 21"
2023-04-30 14:52:44,391{GMT}	INFO	[jepsen worker 0] jepsen.util: 0	:ok	:echo	{:msg_id 37, :in_reply_to 37, :type "echo_ok", :echo "Please echo 21"}
2023-04-30 14:52:44,477{GMT}	INFO	[jepsen worker 0] jepsen.util: 0	:invoke	:echo	"Please echo 113"
2023-04-30 14:52:44,478{GMT}	INFO	[jepsen worker 0] jepsen.util: 0	:ok	:echo	{:msg_id 38, :in_reply_to 38, :type "echo_ok", :echo "Please echo 113"}
2023-04-30 14:52:44,852{GMT}	INFO	[jepsen worker 0] jepsen.util: 0	:invoke	:echo	"Please echo 17"
2023-04-30 14:52:44,856{GMT}	INFO	[jepsen worker 0] jepsen.util: 0	:ok	:echo	{:msg_id 39, :in_reply_to 39, :type "echo_ok", :echo "Please echo 17"}
2023-04-30 14:52:45,071{GMT}	INFO	[jepsen worker 0] jepsen.util: 0	:invoke	:echo	"Please echo 8"
2023-04-30 14:52:45,073{GMT}	INFO	[jepsen worker 0] jepsen.util: 0	:ok	:echo	{:msg_id 40, :in_reply_to 40, :type "echo_ok", :echo "Please echo 8"}
2023-04-30 14:52:45,273{GMT}	INFO	[jepsen worker 0] jepsen.util: 0	:invoke	:echo	"Please echo 73"
2023-04-30 14:52:45,276{GMT}	INFO	[jepsen worker 0] jepsen.util: 0	:ok	:echo	{:msg_id 41, :in_reply_to 41, :type "echo_ok", :echo "Please echo 73"}
2023-04-30 14:52:45,321{GMT}	INFO	[jepsen worker 0] jepsen.util: 0	:invoke	:echo	"Please echo 0"
2023-04-30 14:52:45,323{GMT}	INFO	[jepsen worker 0] jepsen.util: 0	:ok	:echo	{:msg_id 42, :in_reply_to 42, :type "echo_ok", :echo "Please echo 0"}
2023-04-30 14:52:45,533{GMT}	INFO	[jepsen worker 0] jepsen.util: 0	:invoke	:echo	"Please echo 64"
2023-04-30 14:52:45,535{GMT}	INFO	[jepsen worker 0] jepsen.util: 0	:ok	:echo	{:msg_id 43, :in_reply_to 43, :type "echo_ok", :echo "Please echo 64"}
2023-04-30 14:52:45,754{GMT}	INFO	[jepsen worker 0] jepsen.util: 0	:invoke	:echo	"Please echo 106"
2023-04-30 14:52:45,757{GMT}	INFO	[jepsen worker 0] jepsen.util: 0	:ok	:echo	{:msg_id 44, :in_reply_to 44, :type "echo_ok", :echo "Please echo 106"}
2023-04-30 14:52:45,986{GMT}	INFO	[jepsen worker 0] jepsen.util: 0	:invoke	:echo	"Please echo 12"
2023-04-30 14:52:45,988{GMT}	INFO	[jepsen worker 0] jepsen.util: 0	:ok	:echo	{:msg_id 45, :in_reply_to 45, :type "echo_ok", :echo "Please echo 12"}
2023-04-30 14:52:46,371{GMT}	INFO	[jepsen worker 0] jepsen.util: 0	:invoke	:echo	"Please echo 0"
2023-04-30 14:52:46,372{GMT}	INFO	[jepsen worker 0] jepsen.util: 0	:ok	:echo	{:msg_id 46, :in_reply_to 46, :type "echo_ok", :echo "Please echo 0"}
2023-04-30 14:52:46,421{GMT}	INFO	[jepsen worker 0] jepsen.util: 0	:invoke	:echo	"Please echo 17"
2023-04-30 14:52:46,422{GMT}	INFO	[jepsen worker 0] jepsen.util: 0	:ok	:echo	{:msg_id 47, :in_reply_to 47, :type "echo_ok", :echo "Please echo 17"}
2023-04-30 14:52:46,683{GMT}	INFO	[jepsen worker 0] jepsen.util: 0	:invoke	:echo	"Please echo 120"
2023-04-30 14:52:46,685{GMT}	INFO	[jepsen worker 0] jepsen.util: 0	:ok	:echo	{:msg_id 48, :in_reply_to 48, :type "echo_ok", :echo "Please echo 120"}
2023-04-30 14:52:46,723{GMT}	INFO	[jepsen worker 0] jepsen.util: 0	:invoke	:echo	"Please echo 0"
2023-04-30 14:52:46,725{GMT}	INFO	[jepsen worker 0] jepsen.util: 0	:ok	:echo	{:msg_id 49, :in_reply_to 49, :type "echo_ok", :echo "Please echo 0"}
2023-04-30 14:52:46,824{GMT}	INFO	[jepsen worker 0] jepsen.util: 0	:invoke	:echo	"Please echo 33"
2023-04-30 14:52:46,826{GMT}	INFO	[jepsen worker 0] jepsen.util: 0	:ok	:echo	{:msg_id 50, :in_reply_to 50, :type "echo_ok", :echo "Please echo 33"}
2023-04-30 14:52:47,130{GMT}	INFO	[jepsen worker 0] jepsen.util: 0	:invoke	:echo	"Please echo 42"
2023-04-30 14:52:47,132{GMT}	INFO	[jepsen worker 0] jepsen.util: 0	:ok	:echo	{:msg_id 51, :in_reply_to 51, :type "echo_ok", :echo "Please echo 42"}
2023-04-30 14:52:47,403{GMT}	INFO	[jepsen worker 0] jepsen.util: 0	:invoke	:echo	"Please echo 102"
2023-04-30 14:52:47,407{GMT}	INFO	[jepsen worker 0] jepsen.util: 0	:ok	:echo	{:msg_id 52, :in_reply_to 52, :type "echo_ok", :echo "Please echo 102"}
2023-04-30 14:52:47,437{GMT}	INFO	[jepsen test runner] jepsen.core: Run complete, writing
2023-04-30 14:52:47,484{GMT}	INFO	[jepsen node n1] maelstrom.db: Tearing down n1
2023-04-30 14:52:49,317{GMT}	INFO	[jepsen node n1] maelstrom.net: Shutting down Maelstrom network
2023-04-30 14:52:49,321{GMT}	INFO	[jepsen test runner] jepsen.core: Analyzing...
2023-04-30 14:52:49,603{GMT}	INFO	[jepsen test runner] jepsen.core: Analysis complete
2023-04-30 14:52:49,612{GMT}	INFO	[jepsen results] jepsen.store: Wrote /Users/jeong-in-u/CLionProjects/rustengan/store/echo/20230430T145236.291+0900/results.edn
2023-04-30 14:52:49,633{GMT}	INFO	[jepsen test runner] jepsen.core: {:perf {:latency-graph {:valid? true},
        :rate-graph {:valid? true},
        :valid? true},
 :timeline {:valid? true},
 :exceptions {:valid? true},
 :stats {:valid? true,
         :count 52,
         :ok-count 52,
         :fail-count 0,
         :info-count 0,
         :by-f {:echo {:valid? true,
                       :count 52,
                       :ok-count 52,
                       :fail-count 0,
                       :info-count 0}}},
 :availability {:valid? true, :ok-fraction 1.0},
 :net {:all {:send-count 106,
             :recv-count 106,
             :msg-count 106,
             :msgs-per-op 2.0384614},
       :clients {:send-count 106, :recv-count 106, :msg-count 106},
       :servers {:send-count 0,
                 :recv-count 0,
                 :msg-count 0,
                 :msgs-per-op 0.0},
       :valid? true},
 :workload {:valid? true, :errors ()},
 :valid? true}


Everything looks good! ヽ(‘ー`)ノ
